<?xml version="1.0" encoding="UTF-8"?>
<!-- Generated by org.testng.reporters.JUnitXMLReporter -->
<testsuite hostname="krishna-Inspiron-3543" ignored="20" name="RegressionTest" tests="1" failures="1" timestamp="31 Dec 2018 10:38:08 GMT" time="83.627" errors="0">
  <testcase name="Verify_that_user_can_create_segment_with_custom_and_standard_field" time="72.96" classname="com.mPulse.testCases.SegmentProfileDateTriggerTest">
    <failure type="java.lang.AssertionError" message="expected [4.5] but found [4.1]">
      <![CDATA[java.lang.AssertionError: expected [4.5] but found [4.1]
at com.mPulse.testCases.SegmentProfileDateTriggerTest.Verify_that_user_can_create_segment_with_custom_and_standard_field(SegmentProfileDateTriggerTest.java:76)
at java.util.concurrent.FutureTask.run(FutureTask.java:266)
at java.util.concurrent.ThreadPoolExecutor.runWorker(ThreadPoolExecutor.java:1149)
at java.util.concurrent.ThreadPoolExecutor$Worker.run(ThreadPoolExecutor.java:624)
at java.lang.Thread.run(Thread.java:748)
... Removed 21 stack frames]]>
    </failure>
  </testcase> <!-- Verify_that_user_can_create_segment_with_custom_and_standard_field -->
  <testcase name="getMemberData" time="0.0" classname="com.mPulse.testCases.MemberApiTest">
    <ignored/>
  </testcase> <!-- getMemberData -->
  <testcase name="Verify_that_user_can_create_segment_with_custom_and_standard_field" time="0.0" classname="com.mPulse.testCases.UnitTest">
    <ignored/>
  </testcase> <!-- Verify_that_user_can_create_segment_with_custom_and_standard_field -->
  <testcase name="@AfterSuite endSuite" time="0.0" classname="com.mPulse.testCases.BaseTest">
    <ignored/>
  </testcase> <!-- @AfterSuite endSuite -->
  <testcase name="@AfterSuite endSuite" time="0.0" classname="com.mPulse.testCases.BaseTest">
    <ignored/>
  </testcase> <!-- @AfterSuite endSuite -->
  <testcase name="@AfterSuite endSuite" time="0.0" classname="com.mPulse.testCases.BaseTest">
    <ignored/>
  </testcase> <!-- @AfterSuite endSuite -->
  <testcase name="@AfterSuite endSuite" time="0.0" classname="com.mPulse.testCases.BaseTest">
    <ignored/>
  </testcase> <!-- @AfterSuite endSuite -->
  <testcase name="verify_that_User_Can_Mapp_All_Fields_using_comma_delimited_CSV" time="0.0" classname="com.mPulse.testCases.MembersCSVUpload">
    <ignored/>
  </testcase> <!-- verify_that_User_Can_Mapp_All_Fields_using_comma_delimited_CSV -->
  <testcase name="@AfterTest endTest" time="0.0" classname="com.mPulse.testCases.BaseTest">
    <ignored/>
  </testcase> <!-- @AfterTest endTest -->
  <testcase name="@AfterTest endTest" time="0.0" classname="com.mPulse.testCases.BaseTest">
    <ignored/>
  </testcase> <!-- @AfterTest endTest -->
  <testcase name="@AfterTest endTest" time="0.0" classname="com.mPulse.testCases.BaseTest">
    <ignored/>
  </testcase> <!-- @AfterTest endTest -->
  <testcase name="@AfterTest endTest" time="0.0" classname="com.mPulse.testCases.BaseTest">
    <ignored/>
  </testcase> <!-- @AfterTest endTest -->
  <testcase name="@BeforeTest statrTest" time="0.0" classname="com.mPulse.testCases.BaseTest">
    <ignored/>
  </testcase> <!-- @BeforeTest statrTest -->
  <testcase name="@BeforeTest statrTest" time="0.0" classname="com.mPulse.testCases.BaseTest">
    <ignored/>
  </testcase> <!-- @BeforeTest statrTest -->
  <testcase name="@BeforeTest statrTest" time="0.0" classname="com.mPulse.testCases.BaseTest">
    <ignored/>
  </testcase> <!-- @BeforeTest statrTest -->
  <testcase name="@BeforeTest statrTest" time="0.0" classname="com.mPulse.testCases.BaseTest">
    <ignored/>
  </testcase> <!-- @BeforeTest statrTest -->
  <testcase name="@BeforeSuite statrSuite" time="0.0" classname="com.mPulse.testCases.BaseTest">
    <ignored/>
  </testcase> <!-- @BeforeSuite statrSuite -->
  <testcase name="@BeforeSuite statrSuite" time="0.0" classname="com.mPulse.testCases.BaseTest">
    <ignored/>
  </testcase> <!-- @BeforeSuite statrSuite -->
  <testcase name="@BeforeSuite statrSuite" time="0.0" classname="com.mPulse.testCases.BaseTest">
    <ignored/>
  </testcase> <!-- @BeforeSuite statrSuite -->
  <testcase name="@BeforeSuite statrSuite" time="0.0" classname="com.mPulse.testCases.BaseTest">
    <ignored/>
  </testcase> <!-- @BeforeSuite statrSuite -->
  <testcase name="createNewMember" time="0.0" classname="com.mPulse.testCases.MemberApiTest">
    <ignored/>
  </testcase> <!-- createNewMember -->
</testsuite> <!-- RegressionTest -->
