<?xml version="1.0" encoding="UTF-8"?>
<!-- Generated by org.testng.reporters.JUnitXMLReporter -->
<testsuite hostname="krishna-Inspiron-3543" name="Test4" tests="32" failures="0" timestamp="4 Nov 2019 15:22:14 GMT" time="0.73" errors="0">
  <testcase name="@BeforeTest startTest" time="0.0" classname="com.mPulse.testCases.DeleteMemberAPITest">
    <failure type="org.testng.TestNGException" message="
Parameter &amp;apos;browser&amp;apos; is required by @Configuration on method startTest but has not been marked @Optional or defined
in /home/krishna/mPulseWorkspace/msx.final/mobilestorm/QATesting/mPulseAutomation/src/test/resources/sanity_testng.xml">
      <![CDATA[org.testng.TestNGException: 
Parameter 'browser' is required by @Configuration on method startTest but has not been marked @Optional or defined
in /home/krishna/mPulseWorkspace/msx.final/mobilestorm/QATesting/mPulseAutomation/src/test/resources/sanity_testng.xml
	at java.util.concurrent.FutureTask.run(FutureTask.java:266)
	at java.util.concurrent.ThreadPoolExecutor.runWorker(ThreadPoolExecutor.java:1149)
	at java.util.concurrent.ThreadPoolExecutor$Worker.run(ThreadPoolExecutor.java:624)
	at java.lang.Thread.run(Thread.java:748)
... Removed 11 stack frames]]>
    </failure>
  </testcase> <!-- @BeforeTest startTest -->
  <testcase name="@AfterMethod endMethod" time="0.0" classname="com.mPulse.testCases.DeleteMemberAPITest">
    <failure type="org.testng.TestNGException" message="
Parameter &amp;apos;browser&amp;apos; is required by @Configuration on method endMethod but has not been marked @Optional or defined
in /home/krishna/mPulseWorkspace/msx.final/mobilestorm/QATesting/mPulseAutomation/src/test/resources/sanity_testng.xml">
      <![CDATA[org.testng.TestNGException: 
Parameter 'browser' is required by @Configuration on method endMethod but has not been marked @Optional or defined
in /home/krishna/mPulseWorkspace/msx.final/mobilestorm/QATesting/mPulseAutomation/src/test/resources/sanity_testng.xml
	at java.util.concurrent.FutureTask.run(FutureTask.java:266)
	at java.util.concurrent.ThreadPoolExecutor.runWorker(ThreadPoolExecutor.java:1149)
	at java.util.concurrent.ThreadPoolExecutor$Worker.run(ThreadPoolExecutor.java:624)
	at java.lang.Thread.run(Thread.java:748)
... Removed 15 stack frames]]>
    </failure>
  </testcase> <!-- @AfterMethod endMethod -->
  <testcase name="@AfterMethod endMethod" time="0.0" classname="com.mPulse.testCases.DeleteMemberAPITest">
    <failure type="org.testng.TestNGException" message="
Parameter &amp;apos;browser&amp;apos; is required by @Configuration on method endMethod but has not been marked @Optional or defined
in /home/krishna/mPulseWorkspace/msx.final/mobilestorm/QATesting/mPulseAutomation/src/test/resources/sanity_testng.xml">
      <![CDATA[org.testng.TestNGException: 
Parameter 'browser' is required by @Configuration on method endMethod but has not been marked @Optional or defined
in /home/krishna/mPulseWorkspace/msx.final/mobilestorm/QATesting/mPulseAutomation/src/test/resources/sanity_testng.xml
	at java.util.concurrent.FutureTask.run(FutureTask.java:266)
	at java.util.concurrent.ThreadPoolExecutor.runWorker(ThreadPoolExecutor.java:1149)
	at java.util.concurrent.ThreadPoolExecutor$Worker.run(ThreadPoolExecutor.java:624)
	at java.lang.Thread.run(Thread.java:748)
... Removed 15 stack frames]]>
    </failure>
  </testcase> <!-- @AfterMethod endMethod -->
  <testcase name="@AfterMethod endMethod" time="0.0" classname="com.mPulse.testCases.DeleteMemberAPITest">
    <failure type="org.testng.TestNGException" message="
Parameter &amp;apos;browser&amp;apos; is required by @Configuration on method endMethod but has not been marked @Optional or defined
in /home/krishna/mPulseWorkspace/msx.final/mobilestorm/QATesting/mPulseAutomation/src/test/resources/sanity_testng.xml">
      <![CDATA[org.testng.TestNGException: 
Parameter 'browser' is required by @Configuration on method endMethod but has not been marked @Optional or defined
in /home/krishna/mPulseWorkspace/msx.final/mobilestorm/QATesting/mPulseAutomation/src/test/resources/sanity_testng.xml
	at java.util.concurrent.FutureTask.run(FutureTask.java:266)
	at java.util.concurrent.ThreadPoolExecutor.runWorker(ThreadPoolExecutor.java:1149)
	at java.util.concurrent.ThreadPoolExecutor$Worker.run(ThreadPoolExecutor.java:624)
	at java.lang.Thread.run(Thread.java:748)
... Removed 15 stack frames]]>
    </failure>
  </testcase> <!-- @AfterMethod endMethod -->
  <testcase name="@AfterMethod endMethod" time="0.0" classname="com.mPulse.testCases.DeleteMemberAPITest">
    <failure type="org.testng.TestNGException" message="
Parameter &amp;apos;browser&amp;apos; is required by @Configuration on method endMethod but has not been marked @Optional or defined
in /home/krishna/mPulseWorkspace/msx.final/mobilestorm/QATesting/mPulseAutomation/src/test/resources/sanity_testng.xml">
      <![CDATA[org.testng.TestNGException: 
Parameter 'browser' is required by @Configuration on method endMethod but has not been marked @Optional or defined
in /home/krishna/mPulseWorkspace/msx.final/mobilestorm/QATesting/mPulseAutomation/src/test/resources/sanity_testng.xml
	at java.util.concurrent.FutureTask.run(FutureTask.java:266)
	at java.util.concurrent.ThreadPoolExecutor.runWorker(ThreadPoolExecutor.java:1149)
	at java.util.concurrent.ThreadPoolExecutor$Worker.run(ThreadPoolExecutor.java:624)
	at java.lang.Thread.run(Thread.java:748)
... Removed 15 stack frames]]>
    </failure>
  </testcase> <!-- @AfterMethod endMethod -->
  <testcase name="@AfterMethod endMethod" time="0.0" classname="com.mPulse.testCases.DeleteMemberAPITest">
    <failure type="org.testng.TestNGException" message="
Parameter &amp;apos;browser&amp;apos; is required by @Configuration on method endMethod but has not been marked @Optional or defined
in /home/krishna/mPulseWorkspace/msx.final/mobilestorm/QATesting/mPulseAutomation/src/test/resources/sanity_testng.xml">
      <![CDATA[org.testng.TestNGException: 
Parameter 'browser' is required by @Configuration on method endMethod but has not been marked @Optional or defined
in /home/krishna/mPulseWorkspace/msx.final/mobilestorm/QATesting/mPulseAutomation/src/test/resources/sanity_testng.xml
	at java.util.concurrent.FutureTask.run(FutureTask.java:266)
	at java.util.concurrent.ThreadPoolExecutor.runWorker(ThreadPoolExecutor.java:1149)
	at java.util.concurrent.ThreadPoolExecutor$Worker.run(ThreadPoolExecutor.java:624)
	at java.lang.Thread.run(Thread.java:748)
... Removed 15 stack frames]]>
    </failure>
  </testcase> <!-- @AfterMethod endMethod -->
  <testcase name="@AfterMethod endMethod" time="0.0" classname="com.mPulse.testCases.DeleteMemberAPITest">
    <failure type="org.testng.TestNGException" message="
Parameter &amp;apos;browser&amp;apos; is required by @Configuration on method endMethod but has not been marked @Optional or defined
in /home/krishna/mPulseWorkspace/msx.final/mobilestorm/QATesting/mPulseAutomation/src/test/resources/sanity_testng.xml">
      <![CDATA[org.testng.TestNGException: 
Parameter 'browser' is required by @Configuration on method endMethod but has not been marked @Optional or defined
in /home/krishna/mPulseWorkspace/msx.final/mobilestorm/QATesting/mPulseAutomation/src/test/resources/sanity_testng.xml
	at java.util.concurrent.FutureTask.run(FutureTask.java:266)
	at java.util.concurrent.ThreadPoolExecutor.runWorker(ThreadPoolExecutor.java:1149)
	at java.util.concurrent.ThreadPoolExecutor$Worker.run(ThreadPoolExecutor.java:624)
	at java.lang.Thread.run(Thread.java:748)
... Removed 15 stack frames]]>
    </failure>
  </testcase> <!-- @AfterMethod endMethod -->
  <testcase name="@AfterMethod endMethod" time="0.0" classname="com.mPulse.testCases.DeleteMemberAPITest">
    <failure type="org.testng.TestNGException" message="
Parameter &amp;apos;browser&amp;apos; is required by @Configuration on method endMethod but has not been marked @Optional or defined
in /home/krishna/mPulseWorkspace/msx.final/mobilestorm/QATesting/mPulseAutomation/src/test/resources/sanity_testng.xml">
      <![CDATA[org.testng.TestNGException: 
Parameter 'browser' is required by @Configuration on method endMethod but has not been marked @Optional or defined
in /home/krishna/mPulseWorkspace/msx.final/mobilestorm/QATesting/mPulseAutomation/src/test/resources/sanity_testng.xml
	at java.util.concurrent.FutureTask.run(FutureTask.java:266)
	at java.util.concurrent.ThreadPoolExecutor.runWorker(ThreadPoolExecutor.java:1149)
	at java.util.concurrent.ThreadPoolExecutor$Worker.run(ThreadPoolExecutor.java:624)
	at java.lang.Thread.run(Thread.java:748)
... Removed 15 stack frames]]>
    </failure>
  </testcase> <!-- @AfterMethod endMethod -->
  <testcase name="@AfterMethod endMethod" time="0.0" classname="com.mPulse.testCases.DeleteMemberAPITest">
    <failure type="org.testng.TestNGException" message="
Parameter &amp;apos;browser&amp;apos; is required by @Configuration on method endMethod but has not been marked @Optional or defined
in /home/krishna/mPulseWorkspace/msx.final/mobilestorm/QATesting/mPulseAutomation/src/test/resources/sanity_testng.xml">
      <![CDATA[org.testng.TestNGException: 
Parameter 'browser' is required by @Configuration on method endMethod but has not been marked @Optional or defined
in /home/krishna/mPulseWorkspace/msx.final/mobilestorm/QATesting/mPulseAutomation/src/test/resources/sanity_testng.xml
	at java.util.concurrent.FutureTask.run(FutureTask.java:266)
	at java.util.concurrent.ThreadPoolExecutor.runWorker(ThreadPoolExecutor.java:1149)
	at java.util.concurrent.ThreadPoolExecutor$Worker.run(ThreadPoolExecutor.java:624)
	at java.lang.Thread.run(Thread.java:748)
... Removed 15 stack frames]]>
    </failure>
  </testcase> <!-- @AfterMethod endMethod -->
  <testcase name="@AfterMethod endMethod" time="0.0" classname="com.mPulse.testCases.DeleteMemberAPITest">
    <failure type="org.testng.TestNGException" message="
Parameter &amp;apos;browser&amp;apos; is required by @Configuration on method endMethod but has not been marked @Optional or defined
in /home/krishna/mPulseWorkspace/msx.final/mobilestorm/QATesting/mPulseAutomation/src/test/resources/sanity_testng.xml">
      <![CDATA[org.testng.TestNGException: 
Parameter 'browser' is required by @Configuration on method endMethod but has not been marked @Optional or defined
in /home/krishna/mPulseWorkspace/msx.final/mobilestorm/QATesting/mPulseAutomation/src/test/resources/sanity_testng.xml
	at java.util.concurrent.FutureTask.run(FutureTask.java:266)
	at java.util.concurrent.ThreadPoolExecutor.runWorker(ThreadPoolExecutor.java:1149)
	at java.util.concurrent.ThreadPoolExecutor$Worker.run(ThreadPoolExecutor.java:624)
	at java.lang.Thread.run(Thread.java:748)
... Removed 15 stack frames]]>
    </failure>
  </testcase> <!-- @AfterMethod endMethod -->
  <testcase name="@AfterMethod endMethod" time="0.0" classname="com.mPulse.testCases.DeleteMemberAPITest">
    <failure type="org.testng.TestNGException" message="
Parameter &amp;apos;browser&amp;apos; is required by @Configuration on method endMethod but has not been marked @Optional or defined
in /home/krishna/mPulseWorkspace/msx.final/mobilestorm/QATesting/mPulseAutomation/src/test/resources/sanity_testng.xml">
      <![CDATA[org.testng.TestNGException: 
Parameter 'browser' is required by @Configuration on method endMethod but has not been marked @Optional or defined
in /home/krishna/mPulseWorkspace/msx.final/mobilestorm/QATesting/mPulseAutomation/src/test/resources/sanity_testng.xml
	at java.util.concurrent.FutureTask.run(FutureTask.java:266)
	at java.util.concurrent.ThreadPoolExecutor.runWorker(ThreadPoolExecutor.java:1149)
	at java.util.concurrent.ThreadPoolExecutor$Worker.run(ThreadPoolExecutor.java:624)
	at java.lang.Thread.run(Thread.java:748)
... Removed 15 stack frames]]>
    </failure>
  </testcase> <!-- @AfterMethod endMethod -->
  <testcase name="@AfterMethod endMethod" time="0.0" classname="com.mPulse.testCases.DeleteMemberAPITest">
    <failure type="org.testng.TestNGException" message="
Parameter &amp;apos;browser&amp;apos; is required by @Configuration on method endMethod but has not been marked @Optional or defined
in /home/krishna/mPulseWorkspace/msx.final/mobilestorm/QATesting/mPulseAutomation/src/test/resources/sanity_testng.xml">
      <![CDATA[org.testng.TestNGException: 
Parameter 'browser' is required by @Configuration on method endMethod but has not been marked @Optional or defined
in /home/krishna/mPulseWorkspace/msx.final/mobilestorm/QATesting/mPulseAutomation/src/test/resources/sanity_testng.xml
	at java.util.concurrent.FutureTask.run(FutureTask.java:266)
	at java.util.concurrent.ThreadPoolExecutor.runWorker(ThreadPoolExecutor.java:1149)
	at java.util.concurrent.ThreadPoolExecutor$Worker.run(ThreadPoolExecutor.java:624)
	at java.lang.Thread.run(Thread.java:748)
... Removed 15 stack frames]]>
    </failure>
  </testcase> <!-- @AfterMethod endMethod -->
  <testcase name="@AfterMethod endMethod" time="0.0" classname="com.mPulse.testCases.DeleteMemberAPITest">
    <failure type="org.testng.TestNGException" message="
Parameter &amp;apos;browser&amp;apos; is required by @Configuration on method endMethod but has not been marked @Optional or defined
in /home/krishna/mPulseWorkspace/msx.final/mobilestorm/QATesting/mPulseAutomation/src/test/resources/sanity_testng.xml">
      <![CDATA[org.testng.TestNGException: 
Parameter 'browser' is required by @Configuration on method endMethod but has not been marked @Optional or defined
in /home/krishna/mPulseWorkspace/msx.final/mobilestorm/QATesting/mPulseAutomation/src/test/resources/sanity_testng.xml
	at java.util.concurrent.FutureTask.run(FutureTask.java:266)
	at java.util.concurrent.ThreadPoolExecutor.runWorker(ThreadPoolExecutor.java:1149)
	at java.util.concurrent.ThreadPoolExecutor$Worker.run(ThreadPoolExecutor.java:624)
	at java.lang.Thread.run(Thread.java:748)
... Removed 15 stack frames]]>
    </failure>
  </testcase> <!-- @AfterMethod endMethod -->
  <testcase name="@AfterMethod endMethod" time="0.0" classname="com.mPulse.testCases.DeleteMemberAPITest">
    <failure type="org.testng.TestNGException" message="
Parameter &amp;apos;browser&amp;apos; is required by @Configuration on method endMethod but has not been marked @Optional or defined
in /home/krishna/mPulseWorkspace/msx.final/mobilestorm/QATesting/mPulseAutomation/src/test/resources/sanity_testng.xml">
      <![CDATA[org.testng.TestNGException: 
Parameter 'browser' is required by @Configuration on method endMethod but has not been marked @Optional or defined
in /home/krishna/mPulseWorkspace/msx.final/mobilestorm/QATesting/mPulseAutomation/src/test/resources/sanity_testng.xml
	at java.util.concurrent.FutureTask.run(FutureTask.java:266)
	at java.util.concurrent.ThreadPoolExecutor.runWorker(ThreadPoolExecutor.java:1149)
	at java.util.concurrent.ThreadPoolExecutor$Worker.run(ThreadPoolExecutor.java:624)
	at java.lang.Thread.run(Thread.java:748)
... Removed 15 stack frames]]>
    </failure>
  </testcase> <!-- @AfterMethod endMethod -->
  <testcase name="@AfterMethod endMethod" time="0.0" classname="com.mPulse.testCases.DeleteMemberAPITest">
    <failure type="org.testng.TestNGException" message="
Parameter &amp;apos;browser&amp;apos; is required by @Configuration on method endMethod but has not been marked @Optional or defined
in /home/krishna/mPulseWorkspace/msx.final/mobilestorm/QATesting/mPulseAutomation/src/test/resources/sanity_testng.xml">
      <![CDATA[org.testng.TestNGException: 
Parameter 'browser' is required by @Configuration on method endMethod but has not been marked @Optional or defined
in /home/krishna/mPulseWorkspace/msx.final/mobilestorm/QATesting/mPulseAutomation/src/test/resources/sanity_testng.xml
	at java.util.concurrent.FutureTask.run(FutureTask.java:266)
	at java.util.concurrent.ThreadPoolExecutor.runWorker(ThreadPoolExecutor.java:1149)
	at java.util.concurrent.ThreadPoolExecutor$Worker.run(ThreadPoolExecutor.java:624)
	at java.lang.Thread.run(Thread.java:748)
... Removed 15 stack frames]]>
    </failure>
  </testcase> <!-- @AfterMethod endMethod -->
  <testcase name="@AfterMethod endMethod" time="0.0" classname="com.mPulse.testCases.DeleteMemberAPITest">
    <failure type="org.testng.TestNGException" message="
Parameter &amp;apos;browser&amp;apos; is required by @Configuration on method endMethod but has not been marked @Optional or defined
in /home/krishna/mPulseWorkspace/msx.final/mobilestorm/QATesting/mPulseAutomation/src/test/resources/sanity_testng.xml">
      <![CDATA[org.testng.TestNGException: 
Parameter 'browser' is required by @Configuration on method endMethod but has not been marked @Optional or defined
in /home/krishna/mPulseWorkspace/msx.final/mobilestorm/QATesting/mPulseAutomation/src/test/resources/sanity_testng.xml
	at java.util.concurrent.FutureTask.run(FutureTask.java:266)
	at java.util.concurrent.ThreadPoolExecutor.runWorker(ThreadPoolExecutor.java:1149)
	at java.util.concurrent.ThreadPoolExecutor$Worker.run(ThreadPoolExecutor.java:624)
	at java.lang.Thread.run(Thread.java:748)
... Removed 15 stack frames]]>
    </failure>
  </testcase> <!-- @AfterMethod endMethod -->
  <testcase name="@AfterMethod endMethod" time="0.0" classname="com.mPulse.testCases.DeleteMemberAPITest">
    <failure type="org.testng.TestNGException" message="
Parameter &amp;apos;browser&amp;apos; is required by @Configuration on method endMethod but has not been marked @Optional or defined
in /home/krishna/mPulseWorkspace/msx.final/mobilestorm/QATesting/mPulseAutomation/src/test/resources/sanity_testng.xml">
      <![CDATA[org.testng.TestNGException: 
Parameter 'browser' is required by @Configuration on method endMethod but has not been marked @Optional or defined
in /home/krishna/mPulseWorkspace/msx.final/mobilestorm/QATesting/mPulseAutomation/src/test/resources/sanity_testng.xml
	at java.util.concurrent.FutureTask.run(FutureTask.java:266)
	at java.util.concurrent.ThreadPoolExecutor.runWorker(ThreadPoolExecutor.java:1149)
	at java.util.concurrent.ThreadPoolExecutor$Worker.run(ThreadPoolExecutor.java:624)
	at java.lang.Thread.run(Thread.java:748)
... Removed 15 stack frames]]>
    </failure>
  </testcase> <!-- @AfterMethod endMethod -->
  <testcase name="@AfterMethod endMethod" time="0.0" classname="com.mPulse.testCases.DeleteMemberAPITest">
    <failure type="org.testng.TestNGException" message="
Parameter &amp;apos;browser&amp;apos; is required by @Configuration on method endMethod but has not been marked @Optional or defined
in /home/krishna/mPulseWorkspace/msx.final/mobilestorm/QATesting/mPulseAutomation/src/test/resources/sanity_testng.xml">
      <![CDATA[org.testng.TestNGException: 
Parameter 'browser' is required by @Configuration on method endMethod but has not been marked @Optional or defined
in /home/krishna/mPulseWorkspace/msx.final/mobilestorm/QATesting/mPulseAutomation/src/test/resources/sanity_testng.xml
	at java.util.concurrent.FutureTask.run(FutureTask.java:266)
	at java.util.concurrent.ThreadPoolExecutor.runWorker(ThreadPoolExecutor.java:1149)
	at java.util.concurrent.ThreadPoolExecutor$Worker.run(ThreadPoolExecutor.java:624)
	at java.lang.Thread.run(Thread.java:748)
... Removed 15 stack frames]]>
    </failure>
  </testcase> <!-- @AfterMethod endMethod -->
  <testcase name="@AfterMethod endMethod" time="0.0" classname="com.mPulse.testCases.DeleteMemberAPITest">
    <failure type="org.testng.TestNGException" message="
Parameter &amp;apos;browser&amp;apos; is required by @Configuration on method endMethod but has not been marked @Optional or defined
in /home/krishna/mPulseWorkspace/msx.final/mobilestorm/QATesting/mPulseAutomation/src/test/resources/sanity_testng.xml">
      <![CDATA[org.testng.TestNGException: 
Parameter 'browser' is required by @Configuration on method endMethod but has not been marked @Optional or defined
in /home/krishna/mPulseWorkspace/msx.final/mobilestorm/QATesting/mPulseAutomation/src/test/resources/sanity_testng.xml
	at java.util.concurrent.FutureTask.run(FutureTask.java:266)
	at java.util.concurrent.ThreadPoolExecutor.runWorker(ThreadPoolExecutor.java:1149)
	at java.util.concurrent.ThreadPoolExecutor$Worker.run(ThreadPoolExecutor.java:624)
	at java.lang.Thread.run(Thread.java:748)
... Removed 15 stack frames]]>
    </failure>
  </testcase> <!-- @AfterMethod endMethod -->
  <testcase name="@AfterMethod endMethod" time="0.0" classname="com.mPulse.testCases.DeleteMemberAPITest">
    <failure type="org.testng.TestNGException" message="
Parameter &amp;apos;browser&amp;apos; is required by @Configuration on method endMethod but has not been marked @Optional or defined
in /home/krishna/mPulseWorkspace/msx.final/mobilestorm/QATesting/mPulseAutomation/src/test/resources/sanity_testng.xml">
      <![CDATA[org.testng.TestNGException: 
Parameter 'browser' is required by @Configuration on method endMethod but has not been marked @Optional or defined
in /home/krishna/mPulseWorkspace/msx.final/mobilestorm/QATesting/mPulseAutomation/src/test/resources/sanity_testng.xml
	at java.util.concurrent.FutureTask.run(FutureTask.java:266)
	at java.util.concurrent.ThreadPoolExecutor.runWorker(ThreadPoolExecutor.java:1149)
	at java.util.concurrent.ThreadPoolExecutor$Worker.run(ThreadPoolExecutor.java:624)
	at java.lang.Thread.run(Thread.java:748)
... Removed 15 stack frames]]>
    </failure>
  </testcase> <!-- @AfterMethod endMethod -->
  <testcase name="@AfterMethod endMethod" time="0.0" classname="com.mPulse.testCases.DeleteMemberAPITest">
    <failure type="org.testng.TestNGException" message="
Parameter &amp;apos;browser&amp;apos; is required by @Configuration on method endMethod but has not been marked @Optional or defined
in /home/krishna/mPulseWorkspace/msx.final/mobilestorm/QATesting/mPulseAutomation/src/test/resources/sanity_testng.xml">
      <![CDATA[org.testng.TestNGException: 
Parameter 'browser' is required by @Configuration on method endMethod but has not been marked @Optional or defined
in /home/krishna/mPulseWorkspace/msx.final/mobilestorm/QATesting/mPulseAutomation/src/test/resources/sanity_testng.xml
	at java.util.concurrent.FutureTask.run(FutureTask.java:266)
	at java.util.concurrent.ThreadPoolExecutor.runWorker(ThreadPoolExecutor.java:1149)
	at java.util.concurrent.ThreadPoolExecutor$Worker.run(ThreadPoolExecutor.java:624)
	at java.lang.Thread.run(Thread.java:748)
... Removed 15 stack frames]]>
    </failure>
  </testcase> <!-- @AfterMethod endMethod -->
  <testcase name="@AfterMethod endMethod" time="0.0" classname="com.mPulse.testCases.DeleteMemberAPITest">
    <failure type="org.testng.TestNGException" message="
Parameter &amp;apos;browser&amp;apos; is required by @Configuration on method endMethod but has not been marked @Optional or defined
in /home/krishna/mPulseWorkspace/msx.final/mobilestorm/QATesting/mPulseAutomation/src/test/resources/sanity_testng.xml">
      <![CDATA[org.testng.TestNGException: 
Parameter 'browser' is required by @Configuration on method endMethod but has not been marked @Optional or defined
in /home/krishna/mPulseWorkspace/msx.final/mobilestorm/QATesting/mPulseAutomation/src/test/resources/sanity_testng.xml
	at java.util.concurrent.FutureTask.run(FutureTask.java:266)
	at java.util.concurrent.ThreadPoolExecutor.runWorker(ThreadPoolExecutor.java:1149)
	at java.util.concurrent.ThreadPoolExecutor$Worker.run(ThreadPoolExecutor.java:624)
	at java.lang.Thread.run(Thread.java:748)
... Removed 15 stack frames]]>
    </failure>
  </testcase> <!-- @AfterMethod endMethod -->
  <testcase name="@AfterMethod endMethod" time="0.0" classname="com.mPulse.testCases.DeleteMemberAPITest">
    <failure type="org.testng.TestNGException" message="
Parameter &amp;apos;browser&amp;apos; is required by @Configuration on method endMethod but has not been marked @Optional or defined
in /home/krishna/mPulseWorkspace/msx.final/mobilestorm/QATesting/mPulseAutomation/src/test/resources/sanity_testng.xml">
      <![CDATA[org.testng.TestNGException: 
Parameter 'browser' is required by @Configuration on method endMethod but has not been marked @Optional or defined
in /home/krishna/mPulseWorkspace/msx.final/mobilestorm/QATesting/mPulseAutomation/src/test/resources/sanity_testng.xml
	at java.util.concurrent.FutureTask.run(FutureTask.java:266)
	at java.util.concurrent.ThreadPoolExecutor.runWorker(ThreadPoolExecutor.java:1149)
	at java.util.concurrent.ThreadPoolExecutor$Worker.run(ThreadPoolExecutor.java:624)
	at java.lang.Thread.run(Thread.java:748)
... Removed 15 stack frames]]>
    </failure>
  </testcase> <!-- @AfterMethod endMethod -->
  <testcase name="@AfterMethod endMethod" time="0.0" classname="com.mPulse.testCases.DeleteMemberAPITest">
    <failure type="org.testng.TestNGException" message="
Parameter &amp;apos;browser&amp;apos; is required by @Configuration on method endMethod but has not been marked @Optional or defined
in /home/krishna/mPulseWorkspace/msx.final/mobilestorm/QATesting/mPulseAutomation/src/test/resources/sanity_testng.xml">
      <![CDATA[org.testng.TestNGException: 
Parameter 'browser' is required by @Configuration on method endMethod but has not been marked @Optional or defined
in /home/krishna/mPulseWorkspace/msx.final/mobilestorm/QATesting/mPulseAutomation/src/test/resources/sanity_testng.xml
	at java.util.concurrent.FutureTask.run(FutureTask.java:266)
	at java.util.concurrent.ThreadPoolExecutor.runWorker(ThreadPoolExecutor.java:1149)
	at java.util.concurrent.ThreadPoolExecutor$Worker.run(ThreadPoolExecutor.java:624)
	at java.lang.Thread.run(Thread.java:748)
... Removed 15 stack frames]]>
    </failure>
  </testcase> <!-- @AfterMethod endMethod -->
  <testcase name="@AfterMethod endMethod" time="0.0" classname="com.mPulse.testCases.DeleteMemberAPITest">
    <failure type="org.testng.TestNGException" message="
Parameter &amp;apos;browser&amp;apos; is required by @Configuration on method endMethod but has not been marked @Optional or defined
in /home/krishna/mPulseWorkspace/msx.final/mobilestorm/QATesting/mPulseAutomation/src/test/resources/sanity_testng.xml">
      <![CDATA[org.testng.TestNGException: 
Parameter 'browser' is required by @Configuration on method endMethod but has not been marked @Optional or defined
in /home/krishna/mPulseWorkspace/msx.final/mobilestorm/QATesting/mPulseAutomation/src/test/resources/sanity_testng.xml
	at java.util.concurrent.FutureTask.run(FutureTask.java:266)
	at java.util.concurrent.ThreadPoolExecutor.runWorker(ThreadPoolExecutor.java:1149)
	at java.util.concurrent.ThreadPoolExecutor$Worker.run(ThreadPoolExecutor.java:624)
	at java.lang.Thread.run(Thread.java:748)
... Removed 15 stack frames]]>
    </failure>
  </testcase> <!-- @AfterMethod endMethod -->
  <testcase name="@AfterMethod endMethod" time="0.0" classname="com.mPulse.testCases.AudienceSubAPITest">
    <failure type="org.testng.TestNGException" message="
Parameter &amp;apos;browser&amp;apos; is required by @Configuration on method endMethod but has not been marked @Optional or defined
in /home/krishna/mPulseWorkspace/msx.final/mobilestorm/QATesting/mPulseAutomation/src/test/resources/sanity_testng.xml">
      <![CDATA[org.testng.TestNGException: 
Parameter 'browser' is required by @Configuration on method endMethod but has not been marked @Optional or defined
in /home/krishna/mPulseWorkspace/msx.final/mobilestorm/QATesting/mPulseAutomation/src/test/resources/sanity_testng.xml
	at java.util.concurrent.FutureTask.run(FutureTask.java:266)
	at java.util.concurrent.ThreadPoolExecutor.runWorker(ThreadPoolExecutor.java:1149)
	at java.util.concurrent.ThreadPoolExecutor$Worker.run(ThreadPoolExecutor.java:624)
	at java.lang.Thread.run(Thread.java:748)
... Removed 15 stack frames]]>
    </failure>
  </testcase> <!-- @AfterMethod endMethod -->
  <testcase name="@AfterMethod endMethod" time="0.0" classname="com.mPulse.testCases.AudienceSubAPITest">
    <failure type="org.testng.TestNGException" message="
Parameter &amp;apos;browser&amp;apos; is required by @Configuration on method endMethod but has not been marked @Optional or defined
in /home/krishna/mPulseWorkspace/msx.final/mobilestorm/QATesting/mPulseAutomation/src/test/resources/sanity_testng.xml">
      <![CDATA[org.testng.TestNGException: 
Parameter 'browser' is required by @Configuration on method endMethod but has not been marked @Optional or defined
in /home/krishna/mPulseWorkspace/msx.final/mobilestorm/QATesting/mPulseAutomation/src/test/resources/sanity_testng.xml
	at java.util.concurrent.FutureTask.run(FutureTask.java:266)
	at java.util.concurrent.ThreadPoolExecutor.runWorker(ThreadPoolExecutor.java:1149)
	at java.util.concurrent.ThreadPoolExecutor$Worker.run(ThreadPoolExecutor.java:624)
	at java.lang.Thread.run(Thread.java:748)
... Removed 15 stack frames]]>
    </failure>
  </testcase> <!-- @AfterMethod endMethod -->
  <testcase name="@AfterMethod endMethod" time="0.0" classname="com.mPulse.testCases.AudienceSubAPITest">
    <failure type="org.testng.TestNGException" message="
Parameter &amp;apos;browser&amp;apos; is required by @Configuration on method endMethod but has not been marked @Optional or defined
in /home/krishna/mPulseWorkspace/msx.final/mobilestorm/QATesting/mPulseAutomation/src/test/resources/sanity_testng.xml">
      <![CDATA[org.testng.TestNGException: 
Parameter 'browser' is required by @Configuration on method endMethod but has not been marked @Optional or defined
in /home/krishna/mPulseWorkspace/msx.final/mobilestorm/QATesting/mPulseAutomation/src/test/resources/sanity_testng.xml
	at java.util.concurrent.FutureTask.run(FutureTask.java:266)
	at java.util.concurrent.ThreadPoolExecutor.runWorker(ThreadPoolExecutor.java:1149)
	at java.util.concurrent.ThreadPoolExecutor$Worker.run(ThreadPoolExecutor.java:624)
	at java.lang.Thread.run(Thread.java:748)
... Removed 15 stack frames]]>
    </failure>
  </testcase> <!-- @AfterMethod endMethod -->
  <testcase name="@AfterMethod endMethod" time="0.0" classname="com.mPulse.testCases.AudienceSubAPITest">
    <failure type="org.testng.TestNGException" message="
Parameter &amp;apos;browser&amp;apos; is required by @Configuration on method endMethod but has not been marked @Optional or defined
in /home/krishna/mPulseWorkspace/msx.final/mobilestorm/QATesting/mPulseAutomation/src/test/resources/sanity_testng.xml">
      <![CDATA[org.testng.TestNGException: 
Parameter 'browser' is required by @Configuration on method endMethod but has not been marked @Optional or defined
in /home/krishna/mPulseWorkspace/msx.final/mobilestorm/QATesting/mPulseAutomation/src/test/resources/sanity_testng.xml
	at java.util.concurrent.FutureTask.run(FutureTask.java:266)
	at java.util.concurrent.ThreadPoolExecutor.runWorker(ThreadPoolExecutor.java:1149)
	at java.util.concurrent.ThreadPoolExecutor$Worker.run(ThreadPoolExecutor.java:624)
	at java.lang.Thread.run(Thread.java:748)
... Removed 15 stack frames]]>
    </failure>
  </testcase> <!-- @AfterMethod endMethod -->
  <testcase name="@AfterMethod endMethod" time="0.0" classname="com.mPulse.testCases.AudienceSubAPITest">
    <failure type="org.testng.TestNGException" message="
Parameter &amp;apos;browser&amp;apos; is required by @Configuration on method endMethod but has not been marked @Optional or defined
in /home/krishna/mPulseWorkspace/msx.final/mobilestorm/QATesting/mPulseAutomation/src/test/resources/sanity_testng.xml">
      <![CDATA[org.testng.TestNGException: 
Parameter 'browser' is required by @Configuration on method endMethod but has not been marked @Optional or defined
in /home/krishna/mPulseWorkspace/msx.final/mobilestorm/QATesting/mPulseAutomation/src/test/resources/sanity_testng.xml
	at java.util.concurrent.FutureTask.run(FutureTask.java:266)
	at java.util.concurrent.ThreadPoolExecutor.runWorker(ThreadPoolExecutor.java:1149)
	at java.util.concurrent.ThreadPoolExecutor$Worker.run(ThreadPoolExecutor.java:624)
	at java.lang.Thread.run(Thread.java:748)
... Removed 15 stack frames]]>
    </failure>
  </testcase> <!-- @AfterMethod endMethod -->
  <testcase name="@AfterMethod endMethod" time="0.0" classname="com.mPulse.testCases.AudienceSubAPITest">
    <failure type="org.testng.TestNGException" message="
Parameter &amp;apos;browser&amp;apos; is required by @Configuration on method endMethod but has not been marked @Optional or defined
in /home/krishna/mPulseWorkspace/msx.final/mobilestorm/QATesting/mPulseAutomation/src/test/resources/sanity_testng.xml">
      <![CDATA[org.testng.TestNGException: 
Parameter 'browser' is required by @Configuration on method endMethod but has not been marked @Optional or defined
in /home/krishna/mPulseWorkspace/msx.final/mobilestorm/QATesting/mPulseAutomation/src/test/resources/sanity_testng.xml
	at java.util.concurrent.FutureTask.run(FutureTask.java:266)
	at java.util.concurrent.ThreadPoolExecutor.runWorker(ThreadPoolExecutor.java:1149)
	at java.util.concurrent.ThreadPoolExecutor$Worker.run(ThreadPoolExecutor.java:624)
	at java.lang.Thread.run(Thread.java:748)
... Removed 15 stack frames]]>
    </failure>
  </testcase> <!-- @AfterMethod endMethod -->
  <testcase name="@AfterMethod endMethod" time="0.0" classname="com.mPulse.testCases.AudienceSubAPITest">
    <failure type="org.testng.TestNGException" message="
Parameter &amp;apos;browser&amp;apos; is required by @Configuration on method endMethod but has not been marked @Optional or defined
in /home/krishna/mPulseWorkspace/msx.final/mobilestorm/QATesting/mPulseAutomation/src/test/resources/sanity_testng.xml">
      <![CDATA[org.testng.TestNGException: 
Parameter 'browser' is required by @Configuration on method endMethod but has not been marked @Optional or defined
in /home/krishna/mPulseWorkspace/msx.final/mobilestorm/QATesting/mPulseAutomation/src/test/resources/sanity_testng.xml
	at java.util.concurrent.FutureTask.run(FutureTask.java:266)
	at java.util.concurrent.ThreadPoolExecutor.runWorker(ThreadPoolExecutor.java:1149)
	at java.util.concurrent.ThreadPoolExecutor$Worker.run(ThreadPoolExecutor.java:624)
	at java.lang.Thread.run(Thread.java:748)
... Removed 15 stack frames]]>
    </failure>
  </testcase> <!-- @AfterMethod endMethod -->
  <testcase name="@AfterMethod endMethod" time="0.0" classname="com.mPulse.testCases.AudienceSubAPITest">
    <failure type="org.testng.TestNGException" message="
Parameter &amp;apos;browser&amp;apos; is required by @Configuration on method endMethod but has not been marked @Optional or defined
in /home/krishna/mPulseWorkspace/msx.final/mobilestorm/QATesting/mPulseAutomation/src/test/resources/sanity_testng.xml">
      <![CDATA[org.testng.TestNGException: 
Parameter 'browser' is required by @Configuration on method endMethod but has not been marked @Optional or defined
in /home/krishna/mPulseWorkspace/msx.final/mobilestorm/QATesting/mPulseAutomation/src/test/resources/sanity_testng.xml
	at java.util.concurrent.FutureTask.run(FutureTask.java:266)
	at java.util.concurrent.ThreadPoolExecutor.runWorker(ThreadPoolExecutor.java:1149)
	at java.util.concurrent.ThreadPoolExecutor$Worker.run(ThreadPoolExecutor.java:624)
	at java.lang.Thread.run(Thread.java:748)
... Removed 15 stack frames]]>
    </failure>
  </testcase> <!-- @AfterMethod endMethod -->
  <testcase name="@AfterTest endTest" time="0.0" classname="com.mPulse.testCases.DeleteMemberAPITest">
    <failure type="org.testng.TestNGException" message="
Parameter &amp;apos;browser&amp;apos; is required by @Configuration on method endTest but has not been marked @Optional or defined
in /home/krishna/mPulseWorkspace/msx.final/mobilestorm/QATesting/mPulseAutomation/src/test/resources/sanity_testng.xml">
      <![CDATA[org.testng.TestNGException: 
Parameter 'browser' is required by @Configuration on method endTest but has not been marked @Optional or defined
in /home/krishna/mPulseWorkspace/msx.final/mobilestorm/QATesting/mPulseAutomation/src/test/resources/sanity_testng.xml
	at java.util.concurrent.FutureTask.run(FutureTask.java:266)
	at java.util.concurrent.ThreadPoolExecutor.runWorker(ThreadPoolExecutor.java:1149)
	at java.util.concurrent.ThreadPoolExecutor$Worker.run(ThreadPoolExecutor.java:624)
	at java.lang.Thread.run(Thread.java:748)
... Removed 11 stack frames]]>
    </failure>
  </testcase> <!-- @AfterTest endTest -->
  <testcase name="VerifyDeletedMemberInfoInAudienceMemberDeletedDB" time="0.001" classname="com.mPulse.testCases.DeleteMemberAPITest">
    <skipped/>
  </testcase> <!-- VerifyDeletedMemberInfoInAudienceMemberDeletedDB -->
  <testcase name="Verify_Delete_If_One_Of_Two_Member_Not_Exists" time="0.001" classname="com.mPulse.testCases.DeleteMemberAPITest">
    <skipped/>
  </testcase> <!-- Verify_Delete_If_One_Of_Two_Member_Not_Exists -->
  <testcase name="Verify_Delete_Not_Existing_Member" time="0.001" classname="com.mPulse.testCases.DeleteMemberAPITest">
    <skipped/>
  </testcase> <!-- Verify_Delete_Not_Existing_Member -->
  <testcase name="Verify_Delete_Not_Existing_Two_Members" time="0.001" classname="com.mPulse.testCases.DeleteMemberAPITest">
    <skipped/>
  </testcase> <!-- Verify_Delete_Not_Existing_Two_Members -->
  <testcase name="Verify_Member_Can_Be_Deleted_By_App_Member_Id" time="0.001" classname="com.mPulse.testCases.DeleteMemberAPITest">
    <skipped/>
  </testcase> <!-- Verify_Member_Can_Be_Deleted_By_App_Member_Id -->
  <testcase name="Verify_Member_Can_Be_Deleted_By_Client_Member_Id" time="0.002" classname="com.mPulse.testCases.DeleteMemberAPITest">
    <skipped/>
  </testcase> <!-- Verify_Member_Can_Be_Deleted_By_Client_Member_Id -->
  <testcase name="Verify_Member_Can_Be_Deleted_By_Email" time="0.001" classname="com.mPulse.testCases.DeleteMemberAPITest">
    <skipped/>
  </testcase> <!-- Verify_Member_Can_Be_Deleted_By_Email -->
  <testcase name="Verify_Member_Can_Be_Deleted_By_Member_Id" time="0.001" classname="com.mPulse.testCases.DeleteMemberAPITest">
    <skipped/>
  </testcase> <!-- Verify_Member_Can_Be_Deleted_By_Member_Id -->
  <testcase name="Verify_Member_Can_Be_Deleted_By_Phone_Number" time="0.0" classname="com.mPulse.testCases.DeleteMemberAPITest">
    <skipped/>
  </testcase> <!-- Verify_Member_Can_Be_Deleted_By_Phone_Number -->
  <testcase name="Verify_Two_Members_Can_Be_Deleted_By_App_Member_ID" time="0.001" classname="com.mPulse.testCases.DeleteMemberAPITest">
    <skipped/>
  </testcase> <!-- Verify_Two_Members_Can_Be_Deleted_By_App_Member_ID -->
  <testcase name="Verify_Two_Members_Can_Be_Deleted_By_Client_Member_ID" time="0.001" classname="com.mPulse.testCases.DeleteMemberAPITest">
    <skipped/>
  </testcase> <!-- Verify_Two_Members_Can_Be_Deleted_By_Client_Member_ID -->
  <testcase name="Verify_Two_Members_Can_Be_Deleted_By_Client_Member_ID_And_App_Member_Id" time="0.0" classname="com.mPulse.testCases.DeleteMemberAPITest">
    <skipped/>
  </testcase> <!-- Verify_Two_Members_Can_Be_Deleted_By_Client_Member_ID_And_App_Member_Id -->
  <testcase name="Verify_Two_Members_Can_Be_Deleted_By_Email" time="0.001" classname="com.mPulse.testCases.DeleteMemberAPITest">
    <skipped/>
  </testcase> <!-- Verify_Two_Members_Can_Be_Deleted_By_Email -->
  <testcase name="Verify_Two_Members_Can_Be_Deleted_By_Email_And_App_Member_Id" time="0.0" classname="com.mPulse.testCases.DeleteMemberAPITest">
    <skipped/>
  </testcase> <!-- Verify_Two_Members_Can_Be_Deleted_By_Email_And_App_Member_Id -->
  <testcase name="Verify_Two_Members_Can_Be_Deleted_By_Email_And_Client_Member_Id" time="0.0" classname="com.mPulse.testCases.DeleteMemberAPITest">
    <skipped/>
  </testcase> <!-- Verify_Two_Members_Can_Be_Deleted_By_Email_And_Client_Member_Id -->
  <testcase name="Verify_Two_Members_Can_Be_Deleted_By_Member_ID_and_App_Member_Id" time="0.001" classname="com.mPulse.testCases.DeleteMemberAPITest">
    <skipped/>
  </testcase> <!-- Verify_Two_Members_Can_Be_Deleted_By_Member_ID_and_App_Member_Id -->
  <testcase name="Verify_Two_Members_Can_Be_Deleted_By_Member_ID_and_Client_Member_Id" time="0.001" classname="com.mPulse.testCases.DeleteMemberAPITest">
    <skipped/>
  </testcase> <!-- Verify_Two_Members_Can_Be_Deleted_By_Member_ID_and_Client_Member_Id -->
  <testcase name="Verify_Two_Members_Can_Be_Deleted_By_Member_ID_and_Email" time="0.0" classname="com.mPulse.testCases.DeleteMemberAPITest">
    <skipped/>
  </testcase> <!-- Verify_Two_Members_Can_Be_Deleted_By_Member_ID_and_Email -->
  <testcase name="Verify_Two_Members_Can_Be_Deleted_By_Member_ID_and_Phone_Number" time="0.0" classname="com.mPulse.testCases.DeleteMemberAPITest">
    <skipped/>
  </testcase> <!-- Verify_Two_Members_Can_Be_Deleted_By_Member_ID_and_Phone_Number -->
  <testcase name="Verify_Two_Members_Can_Be_Deleted_By_Member_Id" time="0.0" classname="com.mPulse.testCases.DeleteMemberAPITest">
    <skipped/>
  </testcase> <!-- Verify_Two_Members_Can_Be_Deleted_By_Member_Id -->
  <testcase name="Verify_Two_Members_Can_Be_Deleted_By_Mobile_Phone_And_App_Member_Id" time="0.001" classname="com.mPulse.testCases.DeleteMemberAPITest">
    <skipped/>
  </testcase> <!-- Verify_Two_Members_Can_Be_Deleted_By_Mobile_Phone_And_App_Member_Id -->
  <testcase name="Verify_Two_Members_Can_Be_Deleted_By_Mobile_Phone_And_Client_Member_Id" time="0.0" classname="com.mPulse.testCases.DeleteMemberAPITest">
    <skipped/>
  </testcase> <!-- Verify_Two_Members_Can_Be_Deleted_By_Mobile_Phone_And_Client_Member_Id -->
  <testcase name="Verify_Two_Members_Can_Be_Deleted_By_Mobile_Phone_And_Email" time="0.0" classname="com.mPulse.testCases.DeleteMemberAPITest">
    <skipped/>
  </testcase> <!-- Verify_Two_Members_Can_Be_Deleted_By_Mobile_Phone_And_Email -->
  <testcase name="Verify_Two_Members_Can_Be_Deleted_By_Phone_Number" time="0.0" classname="com.mPulse.testCases.DeleteMemberAPITest">
    <skipped/>
  </testcase> <!-- Verify_Two_Members_Can_Be_Deleted_By_Phone_Number -->
  <testcase name="Verify_API_request_fails_if_no_auth_credentials_are_given_using_X_Ms_Audience_Update_header_with_value_sub" time="0.001" classname="com.mPulse.testCases.AudienceSubAPITest">
    <skipped/>
  </testcase> <!-- Verify_API_request_fails_if_no_auth_credentials_are_given_using_X_Ms_Audience_Update_header_with_value_sub -->
  <testcase name="Verify_API_request_should_only_accessible_through_valid_basic_authorization_for_not_valid_authorization_response_code_should_be_403" time="0.001" classname="com.mPulse.testCases.AudienceSubAPITest">
    <skipped/>
  </testcase> <!-- Verify_API_request_should_only_accessible_through_valid_basic_authorization_for_not_valid_authorization_response_code_should_be_403 -->
  <testcase name="Verify_that_user_can_not_re_subscribe_already_unsubscribed_member_in_a_list_in_email_channel_using_X_Ms_Audience_Update_header_with_value_sub" time="0.0" classname="com.mPulse.testCases.AudienceSubAPITest">
    <skipped/>
  </testcase> <!-- Verify_that_user_can_not_re_subscribe_already_unsubscribed_member_in_a_list_in_email_channel_using_X_Ms_Audience_Update_header_with_value_sub -->
  <testcase name="Verify_that_user_can_not_re_subscribe_already_unsubscribed_member_in_a_list_in_sms_channel_using_X_Ms_Audience_Update_header_with_value_sub" time="0.001" classname="com.mPulse.testCases.AudienceSubAPITest">
    <skipped/>
  </testcase> <!-- Verify_that_user_can_not_re_subscribe_already_unsubscribed_member_in_a_list_in_sms_channel_using_X_Ms_Audience_Update_header_with_value_sub -->
  <testcase name="Verify_that_user_can_subscribe_existing_member_in_all_channel_in_one_request_using_X_Ms_Audience_Update_header_with_value_sub" time="0.001" classname="com.mPulse.testCases.AudienceSubAPITest">
    <skipped/>
  </testcase> <!-- Verify_that_user_can_subscribe_existing_member_in_all_channel_in_one_request_using_X_Ms_Audience_Update_header_with_value_sub -->
  <testcase name="Verify_that_user_can_subscribe_existing_member_in_new_list_in_appmail_channel_using_X_Ms_Audience_Update_header_with_value_sub" time="0.0" classname="com.mPulse.testCases.AudienceSubAPITest">
    <skipped/>
  </testcase> <!-- Verify_that_user_can_subscribe_existing_member_in_new_list_in_appmail_channel_using_X_Ms_Audience_Update_header_with_value_sub -->
  <testcase name="Verify_that_user_can_subscribe_existing_member_in_new_list_in_email_channel_using_X_Ms_Audience_Update_header_with_value_sub" time="0.0" classname="com.mPulse.testCases.AudienceSubAPITest">
    <skipped/>
  </testcase> <!-- Verify_that_user_can_subscribe_existing_member_in_new_list_in_email_channel_using_X_Ms_Audience_Update_header_with_value_sub -->
  <testcase name="Verify_that_user_can_subscribe_existing_member_in_new_list_in_sms_channel_using_X_Ms_Audience_Update_header_with_value_sub" time="0.0" classname="com.mPulse.testCases.AudienceSubAPITest">
    <skipped/>
  </testcase> <!-- Verify_that_user_can_subscribe_existing_member_in_new_list_in_sms_channel_using_X_Ms_Audience_Update_header_with_value_sub -->
</testsuite> <!-- Test4 -->
